# JRE version: Java(TM) SE Runtime Environment (8.0_221-b11) (build 1.8.0_221-b11)
# Java VM: Java HotSpot(TM) Client VM (25.221-b11 mixed mode windows-x86 )
Heap:
 def new generation   total 4928K, used 216K [0x04a00000, 0x04f50000, 0x09f50000)
  eden space 4416K,   0% used [0x04a00000, 0x04a00000, 0x04e50000)
  from space 512K,  42% used [0x04e50000, 0x04e863b8, 0x04ed0000)
  to   space 512K,   0% used [0x04ed0000, 0x04ed0000, 0x04f50000)
 tenured generation   total 11200K, used 11108K [0x09f50000, 0x0aa40000, 0x14a00000)
   the space 11200K,  99% used [0x09f50000, 0x0aa29308, 0x0aa29400, 0x0aa40000)
 Metaspace       used 9884K, capacity 10012K, committed 10112K, reserved 10624K
GC Heap History (10 events):
Event: 1.208 GC heap after
Heap after GC invocations=25 (full 0):
 def new generation   total 4928K, used 193K [0x04a00000, 0x04f50000, 0x09f50000)
  eden space 4416K,   0% used [0x04a00000, 0x04a00000, 0x04e50000)
  from space 512K,  37% used [0x04ed0000, 0x04f00788, 0x04f50000)
  to   space 512K,   0% used [0x04e50000, 0x04e50000, 0x04ed0000)
 tenured generation   total 10944K, used 10070K [0x09f50000, 0x0aa00000, 0x14a00000)
   the space 10944K,  92% used [0x09f50000, 0x0a925a48, 0x0a925c00, 0x0aa00000)
 Metaspace       used 9678K, capacity 9780K, committed 9856K, reserved 10624K
}
Event: 1.249 GC heap before
{Heap before GC invocations=25 (full 0):
 def new generation   total 4928K, used 4609K [0x04a00000, 0x04f50000, 0x09f50000)
  eden space 4416K, 100% used [0x04a00000, 0x04e50000, 0x04e50000)
  from space 512K,  37% used [0x04ed0000, 0x04f00788, 0x04f50000)
  to   space 512K,   0% used [0x04e50000, 0x04e50000, 0x04ed0000)
 tenured generation   total 10944K, used 10070K [0x09f50000, 0x0aa00000, 0x14a00000)
   the space 10944K,  92% used [0x09f50000, 0x0a925a48, 0x0a925c00, 0x0aa00000)
 Metaspace       used 9700K, capacity 9852K, committed 9984K, reserved 10624K
Event: 1.250 GC heap after
Heap after GC invocations=26 (full 0):
 def new generation   total 4928K, used 512K [0x04a00000, 0x04f50000, 0x09f50000)
  eden space 4416K,   0% used [0x04a00000, 0x04a00000, 0x04e50000)
  from space 512K, 100% used [0x04e50000, 0x04ed0000, 0x04ed0000)
  to   space 512K,   0% used [0x04ed0000, 0x04ed0000, 0x04f50000)
 tenured generation   total 10944K, used 10090K [0x09f50000, 0x0aa00000, 0x14a00000)
   the space 10944K,  92% used [0x09f50000, 0x0a92a988, 0x0a92aa00, 0x0aa00000)
 Metaspace       used 9700K, capacity 9852K, committed 9984K, reserved 10624K
}
Event: 1.334 GC heap before
{Heap before GC invocations=26 (full 0):
 def new generation   total 4928K, used 4928K [0x04a00000, 0x04f50000, 0x09f50000)
  eden space 4416K, 100% used [0x04a00000, 0x04e50000, 0x04e50000)
  from space 512K, 100% used [0x04e50000, 0x04ed0000, 0x04ed0000)
  to   space 512K,   0% used [0x04ed0000, 0x04ed0000, 0x04f50000)
 tenured generation   total 10944K, used 10090K [0x09f50000, 0x0aa00000, 0x14a00000)
   the space 10944K,  92% used [0x09f50000, 0x0a92a988, 0x0a92aa00, 0x0aa00000)
 Metaspace       used 9884K, capacity 10012K, committed 10112K, reserved 10624K
Event: 1.335 GC heap after
Heap after GC invocations=27 (full 0):
 def new generation   total 4928K, used 512K [0x04a00000, 0x04f50000, 0x09f50000)
  eden space 4416K,   0% used [0x04a00000, 0x04a00000, 0x04e50000)
  from space 512K, 100% used [0x04ed0000, 0x04f50000, 0x04f50000)
  to   space 512K,   0% used [0x04e50000, 0x04e50000, 0x04ed0000)
 tenured generation   total 10944K, used 10459K [0x09f50000, 0x0aa00000, 0x14a00000)
   the space 10944K,  95% used [0x09f50000, 0x0a986d78, 0x0a986e00, 0x0aa00000)
 Metaspace       used 9884K, capacity 10012K, committed 10112K, reserved 10624K
}
Event: 1.362 GC heap before
{Heap before GC invocations=27 (full 0):
 def new generation   total 4928K, used 4928K [0x04a00000, 0x04f50000, 0x09f50000)
  eden space 4416K, 100% used [0x04a00000, 0x04e50000, 0x04e50000)
  from space 512K, 100% used [0x04ed0000, 0x04f50000, 0x04f50000)
  to   space 512K,   0% used [0x04e50000, 0x04e50000, 0x04ed0000)
 tenured generation   total 10944K, used 10459K [0x09f50000, 0x0aa00000, 0x14a00000)
   the space 10944K,  95% used [0x09f50000, 0x0a986d78, 0x0a986e00, 0x0aa00000)
 Metaspace       used 9884K, capacity 10012K, committed 10112K, reserved 10624K
Event: 1.364 GC heap after
Heap after GC invocations=28 (full 0):
 def new generation   total 4928K, used 196K [0x04a00000, 0x04f50000, 0x09f50000)
  eden space 4416K,   0% used [0x04a00000, 0x04a00000, 0x04e50000)
  from space 512K,  38% used [0x04e50000, 0x04e81080, 0x04ed0000)
  to   space 512K,   0% used [0x04ed0000, 0x04ed0000, 0x04f50000)
 tenured generation   total 10944K, used 10710K [0x09f50000, 0x0aa00000, 0x14a00000)
   the space 10944K,  97% used [0x09f50000, 0x0a9c5b68, 0x0a9c5c00, 0x0aa00000)
 Metaspace       used 9884K, capacity 10012K, committed 10112K, reserved 10624K
}
Event: 1.389 GC heap before
{Heap before GC invocations=28 (full 0):
 def new generation   total 4928K, used 4612K [0x04a00000, 0x04f50000, 0x09f50000)
  eden space 4416K, 100% used [0x04a00000, 0x04e50000, 0x04e50000)
  from space 512K,  38% used [0x04e50000, 0x04e81080, 0x04ed0000)
  to   space 512K,   0% used [0x04ed0000, 0x04ed0000, 0x04f50000)
 tenured generation   total 10944K, used 10710K [0x09f50000, 0x0aa00000, 0x14a00000)
   the space 10944K,  97% used [0x09f50000, 0x0a9c5b68, 0x0a9c5c00, 0x0aa00000)
 Metaspace       used 9884K, capacity 10012K, committed 10112K, reserved 10624K
Event: 1.391 GC heap after
Heap after GC invocations=29 (full 0):
 def new generation   total 4928K, used 437K [0x04a00000, 0x04f50000, 0x09f50000)
  eden space 4416K,   0% used [0x04a00000, 0x04a00000, 0x04e50000)
  from space 512K,  85% used [0x04ed0000, 0x04f3d510, 0x04f50000)
  to   space 512K,   0% used [0x04e50000, 0x04e50000, 0x04ed0000)
 tenured generation   total 10944K, used 10710K [0x09f50000, 0x0aa00000, 0x14a00000)
   the space 10944K,  97% used [0x09f50000, 0x0a9c5b68, 0x0a9c5c00, 0x0aa00000)
 Metaspace       used 9884K, capacity 10012K, committed 10112K, reserved 10624K
}
Event: 1.414 GC heap before
{Heap before GC invocations=29 (full 0):
 def new generation   total 4928K, used 4853K [0x04a00000, 0x04f50000, 0x09f50000)
  eden space 4416K, 100% used [0x04a00000, 0x04e50000, 0x04e50000)
  from space 512K,  85% used [0x04ed0000, 0x04f3d510, 0x04f50000)
  to   space 512K,   0% used [0x04e50000, 0x04e50000, 0x04ed0000)
 tenured generation   total 10944K, used 10710K [0x09f50000, 0x0aa00000, 0x14a00000)
   the space 10944K,  97% used [0x09f50000, 0x0a9c5b68, 0x0a9c5c00, 0x0aa00000)
 Metaspace       used 9884K, capacity 10012K, committed 10112K, reserved 10624K

